Connexion réussieConnexion réussieConnexion réussieConnexion réussieConnexion réussie22:12:20 06:16:21Connexion réussie22:12:20 06:19:42Connexion réussie<br/>22:12:20 06:23:38Connexion réussie22:12:20 06:25:52Connexion réussie
22:12:20 06:26:44
Connexion réussie22:12:20 06:27:39
Connexion réussie22:12:20 06:27:39
Connexion réussie22:12:20 06:27:39
Connexion réussie22:12:20 06:27:39
Connexion réussie22:12:20 06:27:40
Connexion réussie22:12:20 06:27:40
Connexion réussie22:12:20 06:27:40
Connexion réussie22:12:20 06:27:40
Connexion réussie22:12:20 06:28:14
Connexion réussie22:12:20 06:28:24
Connexion réussie22:12:20 06:28:25
Connexion réussie22:12:20 06:28:25
Connexion réussie22:12:20 06:28:25
Connexion réussie22:12:20 06:28:25
Connexion réussie22:12:20 06:28:25
Connexion réussie22:12:20 06:28:25
Connexion réussie22:12:20 06:28:25
Connexion réussie22:12:20 06:28:25
Connexion réussie22:12:20 06:28:25
Connexion réussie22:12:20 06:28:25
Connexion réussie22:12:20 06:28:25
Connexion réussie22:12:20 06:28:25
Connexion réussie22:12:20 06:28:25
Connexion réussie22:12:20 06:28:25
Connexion réussie22:12:20 06:28:25
Connexion réussie 22:12:20 06:28:52
Connexion réussie 22:12:20 06:28:52
Connexion réussie 22:12:20 06:28:52
Connexion réussie 22:12:20 06:28:52
Connexion réussie 22:12:20 06:28:52
Connexion réussie 22:12:20 06:28:52
Connexion réussie 22:12:20 06:28:52
Connexion réussie 22:12:20 06:28:53
Connexion réussie 22:12:20 06:28:53
Connexion réussie 22:12:20 06:28:53
Connexion réussie 22:12:20 06:28:53
Connexion réussie 22:12:20 06:28:53
Connexion réussie 22:12:20 06:28:53
Connexion réussie 22:12:20 06:28:53
Connexion réussie 22:12:20 06:28:53
Connexion réussie 22:12:20 06:28:53
Connexion réussie 22:12:20 06:28:53
Connexion réussie 22:12:20 06:28:53
Connexion réussie 22:12:20 06:28:53
Connexion réussie 22:12:20 06:28:53
Connexion réussie 22:12:20 06:28:55
Connexion réussie 22:12:20 06:28:55
Connexion réussie 22:12:20 06:28:56
Connexion réussie 22:12:20 06:28:56
Connexion réussie 22:12:20 06:28:56
Connexion réussie 22:12:20 06:28:56
Connexion réussie 22:12:20 06:28:56
Connexion réussie 22:12:20 06:28:56
Connexion réussie 22:12:20 06:28:56
Connexion réussie 22:12:20 06:28:56
Connexion réussie 22:12:20 06:28:56
Connexion réussie 22:12:20 06:28:56
Connexion réussie 22:12:20 06:28:56
Connexion réussie 22:12:20 06:28:56
Connexion réussie 22:12:20 06:28:56
Connexion réussie 22:12:20 06:28:56
Connexion réussie 22:12:20 06:28:56
Connexion réussie 22:12:20 06:30:19
Connexion réussie 22:12:20 06:31:42 I am the best developer in the whole universe in php 
Connexion réussie 22:12:20 06:31:42 I am the best developer in the whole universe in php 
Connexion réussie 22:12:20 06:31:42 I am the best developer in the whole universe in php 
Connexion réussie 22:12:20 06:31:42 I am the best developer in the whole universe in php 
Connexion réussie 22:12:20 06:31:43 I am the best developer in the whole universe in php 
Connexion réussie 22:12:20 06:31:43 I am the best developer in the whole universe in php 
Connexion réussie 22:12:20 06:31:43 I am the best developer in the whole universe in php 
Connexion réussie 22:12:20 06:31:43 I am the best developer in the whole universe in php 
Connexion réussie 22:12:20 06:31:43 I am the best developer in the whole universe in php 
Connexion réussie 22:12:20 06:31:44 I am the best developer in the whole universe in php 
Connexion réussie 22:12:20 06:31:44 I am the best developer in the whole universe in php 
Connexion réussie 22:12:20 06:31:44 I am the best developer in the whole universe in php 
Connexion réussie 22:12:20 06:31:44 I am the best developer in the whole universe in php 
Connexion réussie 22:12:20 06:31:44 I am the best developer in the whole universe in php 
Connexion réussie 22:12:20 06:31:44 I am the best developer in the whole universe in php 
Connexion réussie 22:12:20 06:31:44 I am the best developer in the whole universe in php 
Connexion réussie 22:12:20 06:31:44 I am the best developer in the whole universe in php 
Connexion réussie 22:12:20 06:31:44 I am the best developer in the whole universe in php 
Connexion réussie 22:12:20 06:31:44 I am the best developer in the whole universe in php 
Connexion réussie 22:12:20 06:31:44 I am the best developer in the whole universe in php 
Connexion réussie 22:12:20 06:31:44 I am the best developer in the whole universe in php 
Connexion réussie 22:12:20 06:31:44 I am the best developer in the whole universe in php 
Connexion réussie 22:12:20 06:31:44 I am the best developer in the whole universe in php 
Connexion réussie 22:12:20 06:31:44 I am the best developer in the whole universe in php 
Connexion réussie 22:12:20 06:31:44 I am the best developer in the whole universe in php 
Connexion réussie 22:12:20 06:31:44 I am the best developer in the whole universe in php 
Connexion réussie 22:12:20 06:31:44 I am the best developer in the whole universe in php 
Connexion réussie 22:12:20 06:31:44 I am the best developer in the whole universe in php 
Connexion réussie 22:12:20 06:31:44 I am the best developer in the whole universe in php 
Connexion réussie 22:12:20 06:31:44 I am the best developer in the whole universe in php 
Connexion réussie 22:12:20 06:31:45 I am the best developer in the whole universe in php 
Connexion réussie 22:12:20 06:31:45 I am the best developer in the whole universe in php 
Connexion réussie 22:12:20 06:31:45 I am the best developer in the whole universe in php 
Connexion réussie 22:12:20 06:31:45 I am the best developer in the whole universe in php 
Connexion réussie 22:12:20 06:31:45 I am the best developer in the whole universe in php 
Connexion réussie 22:12:20 06:31:45 I am the best developer in the whole universe in php 
Connexion réussie 22:12:20 06:31:45 I am the best developer in the whole universe in php 
Connexion réussie 22:12:20 06:31:45 I am the best developer in the whole universe in php 
Connexion réussie 22:12:20 06:31:45 I am the best developer in the whole universe in php 
Connexion réussie 22:12:20 06:31:45 I am the best developer in the whole universe in php 
Connexion réussie 22:12:20 06:31:45 I am the best developer in the whole universe in php 
Connexion réussie 22:12:20 06:56:34 I am the best developer in the whole universe in php 
Connexion réussie 22:12:20 06:57:33 I am the best developer in the whole universe in php 
Connexion réussie 22:12:20 07:06:17 I am the best developer in the whole universe in php 
Connexion réussie 22:12:20 07:08:39 I am the best developer in the whole universe in php 
Connexion réussie 22:12:20 07:08:58 I am the best developer in the whole universe in php 
Connexion réussie 22:12:20 07:09:17 I am the best developer in the whole universe in php 
Connexion réussie 22:12:20 07:10:26 I am the best developer in the whole universe in php 
Connexion réussie 22:12:20 07:10:54 I am the best developer in the whole universe in php 
Connexion réussie 22:12:20 07:11:23 I am the best developer in the whole universe in php 
Connexion réussie 22:12:20 07:17:01 I am the best developer in the whole universe in php 
Connexion réussie 22:12:20 07:17:21 I am the best developer in the whole universe in php 
Connexion réussie 22:12:20 07:17:43 I am the best developer in the whole universe in php 
Connexion réussie 22:12:20 07:19:06 I am the best developer in the whole universe in php 
Connexion réussie 22:12:20 07:19:43 I am the best developer in the whole universe in php 
Connexion réussie 22:12:20 07:20:06 I am the best developer in the whole universe in php 
Connexion réussie 22:12:20 07:21:25 I am the best developer in the whole universe in php 
Connexion réussie 22:12:20 07:21:49 I am the best developer in the whole universe in php 
Connexion réussie 22:12:20 07:23:04 I am the best developer in the whole universe in php 
Connexion réussie 22:12:20 07:23:16 I am the best developer in the whole universe in php 
Connexion réussie 22:12:20 07:23:33 I am the best developer in the whole universe in php 
Connexion réussie 22:12:20 07:23:52 I am the best developer in the whole universe in php 
Connexion réussie 22:12:20 07:24:10 I am the best developer in the whole universe in php 
Connexion réussie 22:12:20 07:24:39 I am the best developer in the whole universe in php 
Connexion réussie 22:12:20 07:25:14 I am the best developer in the whole universe in php 
Connexion réussie 22:12:20 07:25:34 I am the best developer in the whole universe in php 
Connexion réussie 22:12:20 07:25:46 I am the best developer in the whole universe in php 
Connexion réussie 22:12:20 07:26:01 I am the best developer in the whole universe in php 
Connexion réussie 22:12:20 07:29:01 I am the best developer in the whole universe in php 
Connexion réussie 22:12:20 07:29:49 I am the best developer in the whole universe in php 
Connexion réussie 22:12:20 07:30:17 I am the best developer in the whole universe in php 
Connexion réussie 22:12:20 07:30:53 I am the best developer in the whole universe in php 
Connexion réussie 22:12:20 07:38:29 I am the best developer in the whole universe in php 
Connexion réussie 22:12:20 07:39:08 I am the best developer in the whole universe in php 
Connexion réussie 22:12:20 07:39:27 I am the best developer in the whole universe in php 
Connexion réussie 22:12:20 07:40:16 I am the best developer in the whole universe in php 
Connexion réussie 22:12:20 07:41:23 I am the best developer in the whole universe in php 
Connexion réussie 22:12:20 07:41:43 I am the best developer in the whole universe in php 
Connexion réussie 22:12:20 07:43:14 I am the best developer in the whole universe in php 
Connexion réussie 22:12:20 07:44:03 I am the best developer in the whole universe in php 
Connexion réussie 22:12:20 07:45:15 I am the best developer in the whole universe in php 
Connexion réussie 22:12:20 08:27:41 I am the best developer in the whole universe in php 
Connexion réussie 22:12:20 08:33:06 I am the best developer in the whole universe in php 
Connexion réussie 22:12:20 08:33:42 I am the best developer in the whole universe in php 
Connexion réussie 22:12:20 08:37:52 I am the best developer in the whole universe in php 
Connexion réussie 22:12:20 08:43:01 I am the best developer in the whole universe in php 
Connexion réussie 22:12:20 08:43:46 I am the best developer in the whole universe in php 
Connexion réussie 22:12:20 08:44:26 I am the best developer in the whole universe in php 
Connexion réussie 22:12:20 08:45:52 I am the best developer in the whole universe in php 
Connexion réussie 22:12:20 08:48:23 I am the best developer in the whole universe in php 
Connexion réussie 22:12:20 08:49:29 I am the best developer in the whole universe in php 
Connexion réussie 22:12:20 08:50:25 I am the best developer in the whole universe in php 
Connexion réussie 22:12:20 09:02:32 I am the best developer in the whole universe in php 
Connexion réussie 22:12:20 09:05:01 I am the best developer in the whole universe in php 
Connexion réussie 22:12:20 09:05:28 I am the best developer in the whole universe in php 
Connexion réussie 22:12:20 09:07:14 I am the best developer in the whole universe in php 
Connexion réussie 22:12:20 09:09:58 I am the best developer in the whole universe in php 
Connexion réussie 22:12:20 09:10:39 I am the best developer in the whole universe in php 
Connexion réussie 22:12:20 09:11:09 I am the best developer in the whole universe in php 
Connexion réussie 22:12:20 09:18:23 I am the best developer in the whole universe in php 
Connexion réussie 22:12:20 09:19:44 I am the best developer in the whole universe in php 
Connexion réussie 22:12:20 09:20:06 I am the best developer in the whole universe in php 
Connexion réussie 22:12:20 09:23:17 I am the best developer in the whole universe in php 
Connexion réussie 22:12:20 09:23:41 I am the best developer in the whole universe in php 
Connexion réussie 22:12:20 09:24:50 I am the best developer in the whole universe in php 
Connexion réussie 22:12:20 09:25:25 I am the best developer in the whole universe in php 
Connexion réussie 22:12:20 09:29:04 I am the best developer in the whole universe in php 
Connexion réussie 22:12:20 09:31:14 I am the best developer in the whole universe in php 
Connexion réussie 22:12:20 09:31:38 I am the best developer in the whole universe in php 
Connexion réussie 22:12:20 09:33:48 I am the best developer in the whole universe in php 
Connexion réussie 22:12:20 09:34:42 I am the best developer in the whole universe in php 
Connexion réussie 22:12:20 09:35:03 I am the best developer in the whole universe in php 
Connexion réussie 22:12:20 09:35:37 I am the best developer in the whole universe in php 
Connexion réussie 22:12:20 09:35:59 I am the best developer in the whole universe in php 
Connexion réussie 22:12:20 09:36:23 I am the best developer in the whole universe in php 
Connexion réussie 22:12:20 09:36:32 I am the best developer in the whole universe in php 
Connexion réussie 22:12:20 09:37:42 I am the best developer in the whole universe in php 
Connexion réussie 22:12:20 09:54:19 I am the best developer in the whole universe in php 
Connexion réussie 22:12:20 11:14:38 I am the best developer in the whole universe in php 
Connexion réussie 22:12:21 12:45:45 I am the best developer in the whole universe in php 
Connexion réussie 22:12:21 01:32:54 I am the best developer in the whole universe in php 
Connexion réussie 22:12:21 04:47:45 I am the best developer in the whole universe in php 
Connexion réussie 22:12:21 11:49:25 I am the best developer in the whole universe in php 
Connexion réussie 22:12:21 11:50:09 I am the best developer in the whole universe in php 
Connexion réussie 22:12:21 11:55:03 I am the best developer in the whole universe in php 
Connexion réussie 22:12:21 11:55:40 I am the best developer in the whole universe in php 
Connexion réussie 22:12:21 11:56:32 I am the best developer in the whole universe in php 
Connexion réussie 22:12:21 11:57:24 I am the best developer in the whole universe in php 
Connexion réussie 22:12:21 11:59:09 I am the best developer in the whole universe in php 
Connexion réussie 22:12:21 12:01:23 I am the best developer in the whole universe in php 
Connexion réussie 22:12:21 12:02:08 I am the best developer in the whole universe in php 
Connexion réussie 22:12:21 12:02:35 I am the best developer in the whole universe in php 
Connexion réussie 22:12:21 12:02:59 I am the best developer in the whole universe in php 
Connexion réussie 22:12:21 12:03:40 I am the best developer in the whole universe in php 
Connexion réussie 22:12:21 12:04:02 I am the best developer in the whole universe in php 
Connexion réussie 22:12:21 12:04:25 I am the best developer in the whole universe in php 
Connexion réussie 22:12:21 12:04:45 I am the best developer in the whole universe in php 
Connexion réussie 22:12:21 12:05:17 I am the best developer in the whole universe in php 
Connexion réussie 22:12:21 12:05:51 I am the best developer in the whole universe in php 
Connexion réussie 22:12:21 12:06:30 I am the best developer in the whole universe in php 
Connexion réussie 22:12:21 12:07:11 I am the best developer in the whole universe in php 
Connexion réussie 22:12:21 12:09:05 I am the best developer in the whole universe in php 
Connexion réussie 22:12:21 12:09:36 I am the best developer in the whole universe in php 
Connexion réussie 22:12:21 12:10:22 I am the best developer in the whole universe in php 
Connexion réussie 22:12:21 12:26:09 I am the best developer in the whole universe in php 
Connexion réussie 22:12:21 12:27:25 I am the best developer in the whole universe in php 
Connexion réussie 22:12:21 12:33:45 I am the best developer in the whole universe in php 
Connexion réussie 22:12:21 12:34:54 I am the best developer in the whole universe in php 
Connexion réussie 22:12:21 12:38:33 I am the best developer in the whole universe in php 
Connexion réussie 22:12:21 12:39:31 I am the best developer in the whole universe in php 
Connexion réussie 22:12:21 12:41:48 I am the best developer in the whole universe in php 
Connexion réussie 22:12:21 12:42:46 I am the best developer in the whole universe in php 
Connexion réussie 22:12:21 12:43:12 I am the best developer in the whole universe in php 
Connexion réussie 22:12:21 12:45:26 I am the best developer in the whole universe in php 
Connexion réussie 22:12:21 12:46:16 I am the best developer in the whole universe in php 
Connexion réussie 22:12:21 12:47:14 I am the best developer in the whole universe in php 
Connexion réussie 22:12:21 12:47:48 I am the best developer in the whole universe in php 
Connexion réussie 22:12:21 12:48:42 I am the best developer in the whole universe in php 
Connexion réussie 22:12:21 12:49:23 I am the best developer in the whole universe in php 
Connexion réussie 22:12:21 12:49:51 I am the best developer in the whole universe in php 
Connexion réussie 22:12:21 12:51:21 I am the best developer in the whole universe in php 
Connexion réussie 22:12:21 12:51:39 I am the best developer in the whole universe in php 
Connexion réussie 22:12:21 12:52:01 I am the best developer in the whole universe in php 
Connexion réussie 22:12:21 12:52:44 I am the best developer in the whole universe in php 
Connexion réussie 22:12:21 12:53:08 I am the best developer in the whole universe in php 
Connexion réussie 22:12:21 12:53:34 I am the best developer in the whole universe in php 
Connexion réussie 22:12:21 12:54:10 I am the best developer in the whole universe in php 
Connexion réussie 22:12:21 01:02:13 I am the best developer in the whole universe in php 
Connexion réussie 22:12:21 01:03:33 I am the best developer in the whole universe in php 
Connexion réussie 22:12:21 01:04:14 I am the best developer in the whole universe in php 
Connexion réussie 22:12:21 01:05:37 I am the best developer in the whole universe in php 
Connexion réussie 22:12:21 01:06:17 I am the best developer in the whole universe in php 
Connexion réussie 22:12:21 01:06:57 I am the best developer in the whole universe in php 
Connexion réussie 22:12:21 01:07:24 I am the best developer in the whole universe in php 
Connexion réussie 22:12:21 01:07:44 I am the best developer in the whole universe in php 
Connexion réussie 22:12:21 01:08:56 I am the best developer in the whole universe in php 
Connexion réussie 22:12:21 01:09:48 I am the best developer in the whole universe in php 
Connexion réussie 22:12:21 01:10:05 I am the best developer in the whole universe in php 
Connexion réussie 22:12:21 01:11:38 I am the best developer in the whole universe in php 
Connexion réussie 22:12:21 01:12:18 I am the best developer in the whole universe in php 
Connexion réussie 22:12:21 01:12:55 I am the best developer in the whole universe in php 
Connexion réussie 22:12:21 01:13:47 I am the best developer in the whole universe in php 
Connexion réussie 22:12:21 01:14:29 I am the best developer in the whole universe in php 
Connexion réussie 22:12:21 01:15:15 I am the best developer in the whole universe in php 
Connexion réussie 22:12:21 01:17:24 I am the best developer in the whole universe in php 
Connexion réussie 22:12:21 01:18:11 I am the best developer in the whole universe in php 
Connexion réussie 22:12:21 01:19:21 I am the best developer in the whole universe in php 
Connexion réussie 22:12:21 01:19:54 I am the best developer in the whole universe in php 
Connexion réussie 22:12:21 01:20:38 I am the best developer in the whole universe in php 
Connexion réussie 22:12:21 01:20:53 I am the best developer in the whole universe in php 
Connexion réussie 22:12:21 01:21:30 I am the best developer in the whole universe in php 
Connexion réussie 22:12:21 03:40:14 I am the best developer in the whole universe in php 
Connexion réussie 22:12:21 04:47:27 I am the best developer in the whole universe in php 
Connexion réussie 22:12:21 04:54:26 I am the best developer in the whole universe in php 
Connexion réussie 22:12:21 04:57:56 I am the best developer in the whole universe in php 
Connexion réussie 22:12:21 05:03:10 I am the best developer in the whole universe in php 
Connexion réussie 22:12:21 05:03:33 I am the best developer in the whole universe in php 
Connexion réussie 22:12:21 05:08:38 I am the best developer in the whole universe in php 
Connexion réussie 22:12:21 05:10:58 I am the best developer in the whole universe in php 
Connexion réussie 22:12:21 05:11:56 I am the best developer in the whole universe in php 
Connexion réussie 22:12:21 05:12:09 I am the best developer in the whole universe in php 
Connexion réussie 22:12:21 05:13:39 I am the best developer in the whole universe in php 
Connexion réussie 22:12:21 05:14:25 I am the best developer in the whole universe in php 
Connexion réussie 22:12:21 05:15:11 I am the best developer in the whole universe in php 
Connexion réussie 22:12:21 05:15:42 I am the best developer in the whole universe in php 
Connexion réussie 22:12:21 05:16:00 I am the best developer in the whole universe in php 
Connexion réussie 22:12:21 05:16:59 I am the best developer in the whole universe in php 
Connexion réussie 22:12:21 05:17:19 I am the best developer in the whole universe in php 
Connexion réussie 22:12:21 05:17:34 I am the best developer in the whole universe in php 
Connexion réussie 22:12:21 05:18:08 I am the best developer in the whole universe in php 
Connexion réussie 22:12:21 05:18:20 I am the best developer in the whole universe in php 
Connexion réussie 22:12:21 05:18:51 I am the best developer in the whole universe in php 
Connexion réussie 22:12:21 05:19:34 I am the best developer in the whole universe in php 
Connexion réussie 22:12:21 05:21:44 I am the best developer in the whole universe in php 
Connexion réussie 22:12:21 05:22:16 I am the best developer in the whole universe in php 
Connexion réussie 22:12:21 05:22:32 I am the best developer in the whole universe in php 
Connexion réussie 22:12:21 05:22:52 I am the best developer in the whole universe in php 
Connexion réussie 22:12:21 05:23:16 I am the best developer in the whole universe in php 
Connexion réussie 22:12:21 05:23:43 I am the best developer in the whole universe in php 
Connexion réussie 22:12:21 05:24:11 I am the best developer in the whole universe in php 
Connexion réussie 22:12:21 05:24:45 I am the best developer in the whole universe in php 
Connexion réussie 22:12:21 05:26:21 I am the best developer in the whole universe in php 
Connexion réussie 22:12:21 05:26:41 I am the best developer in the whole universe in php 
Connexion réussie 22:12:21 05:26:51 I am the best developer in the whole universe in php 
Connexion réussie 22:12:21 05:27:09 I am the best developer in the whole universe in php 
Connexion réussie 22:12:21 05:27:18 I am the best developer in the whole universe in php 
Connexion réussie 22:12:21 05:27:31 I am the best developer in the whole universe in php 
Connexion réussie 22:12:21 05:27:57 I am the best developer in the whole universe in php 
Connexion réussie 22:12:21 05:28:26 I am the best developer in the whole universe in php 
Connexion réussie 22:12:21 05:28:46 I am the best developer in the whole universe in php 
Connexion réussie 22:12:21 05:29:27 I am the best developer in the whole universe in php 
Connexion réussie 22:12:21 05:29:45 I am the best developer in the whole universe in php 
Connexion réussie 22:12:21 05:29:59 I am the best developer in the whole universe in php 
Connexion réussie 22:12:21 05:31:58 I am the best developer in the whole universe in php 
Connexion réussie 22:12:21 05:32:28 I am the best developer in the whole universe in php 
Connexion réussie 22:12:21 05:33:01 I am the best developer in the whole universe in php 
Connexion réussie 22:12:21 05:40:25 I am the best developer in the whole universe in php 
Connexion réussie 22:12:21 05:40:56 I am the best developer in the whole universe in php 
Connexion réussie 22:12:21 05:42:45 I am the best developer in the whole universe in php 
Connexion réussie 22:12:21 05:43:06 I am the best developer in the whole universe in php 
Connexion réussie 22:12:21 05:45:41 I am the best developer in the whole universe in php 
Connexion réussie 22:12:21 06:05:17 I am the best developer in the whole universe in php 
Connexion réussie 22:12:21 06:05:54 I am the best developer in the whole universe in php 
Connexion réussie 22:12:21 06:07:15 I am the best developer in the whole universe in php 
Connexion réussie 22:12:21 06:07:35 I am the best developer in the whole universe in php 
Connexion réussie 22:12:21 06:07:44 I am the best developer in the whole universe in php 
Connexion réussie 22:12:21 06:08:53 I am the best developer in the whole universe in php 
Connexion réussie 22:12:21 06:09:11 I am the best developer in the whole universe in php 
Connexion réussie 22:12:21 06:09:38 I am the best developer in the whole universe in php 
Connexion réussie 22:12:21 06:10:35 I am the best developer in the whole universe in php 
Connexion réussie 22:12:21 06:11:09 I am the best developer in the whole universe in php 
Connexion réussie 22:12:21 06:11:26 I am the best developer in the whole universe in php 
Connexion réussie 22:12:21 06:12:29 I am the best developer in the whole universe in php 
Connexion réussie 22:12:21 08:07:51 I am the best developer in the whole universe in php 
Connexion réussie 22:12:21 08:12:36 I am the best developer in the whole universe in php 
Connexion réussie 22:12:21 08:54:19 I am the best developer in the whole universe in php 
Connexion réussie 22:12:21 08:55:25 I am the best developer in the whole universe in php 
Connexion réussie 22:12:21 09:00:07 I am the best developer in the whole universe in php 
Connexion réussie 22:12:21 09:02:50 I am the best developer in the whole universe in php 
Connexion réussie 22:12:21 09:05:54 I am the best developer in the whole universe in php 
Connexion réussie 22:12:21 10:54:49 I am the best developer in the whole universe in php 
Connexion réussie 22:12:21 11:03:13 I am the best developer in the whole universe in php 
Connexion réussie 22:12:21 11:06:22 I am the best developer in the whole universe in php 
Connexion réussie 22:12:21 11:06:42 I am the best developer in the whole universe in php 
Connexion réussie 22:12:21 11:08:04 I am the best developer in the whole universe in php 
Connexion réussie 22:12:21 11:09:20 I am the best developer in the whole universe in php 
Connexion réussie 22:12:21 11:09:45 I am the best developer in the whole universe in php 
Connexion réussie 22:12:21 11:09:59 I am the best developer in the whole universe in php 
Connexion réussie 22:12:21 11:10:46 I am the best developer in the whole universe in php 
Connexion réussie 22:12:21 11:12:50 I am the best developer in the whole universe in php 
Connexion réussie 22:12:21 11:13:10 I am the best developer in the whole universe in php 
Connexion réussie 22:12:21 11:13:52 I am the best developer in the whole universe in php 
Connexion réussie 22:12:21 11:14:21 I am the best developer in the whole universe in php 
Connexion réussie 22:12:21 11:15:11 I am the best developer in the whole universe in php 
Connexion réussie 22:12:21 11:15:50 I am the best developer in the whole universe in php 
Connexion réussie 22:12:21 11:16:31 I am the best developer in the whole universe in php 
Connexion réussie 22:12:21 11:17:53 I am the best developer in the whole universe in php 
Connexion réussie 22:12:21 11:18:13 I am the best developer in the whole universe in php 
Connexion réussie 22:12:21 11:18:40 I am the best developer in the whole universe in php 
Connexion réussie 22:12:21 11:19:18 I am the best developer in the whole universe in php 
Connexion réussie 22:12:21 11:19:40 I am the best developer in the whole universe in php 
Connexion réussie 22:12:21 11:19:57 I am the best developer in the whole universe in php 
Connexion réussie 22:12:21 11:20:12 I am the best developer in the whole universe in php 
Connexion réussie 22:12:21 11:20:28 I am the best developer in the whole universe in php 
Connexion réussie 22:12:21 11:20:48 I am the best developer in the whole universe in php 
Connexion réussie 22:12:21 11:22:34 I am the best developer in the whole universe in php 
Connexion réussie 22:12:21 11:23:15 I am the best developer in the whole universe in php 
Connexion réussie 22:12:21 11:23:43 I am the best developer in the whole universe in php 
Connexion réussie 22:12:21 11:24:44 I am the best developer in the whole universe in php 
Connexion réussie 22:12:21 11:26:00 I am the best developer in the whole universe in php 
Connexion réussie 22:12:21 11:26:52 I am the best developer in the whole universe in php 
Connexion réussie 22:12:21 11:27:26 I am the best developer in the whole universe in php 
Connexion réussie 22:12:21 11:28:12 I am the best developer in the whole universe in php 
Connexion réussie 22:12:21 11:28:45 I am the best developer in the whole universe in php 
Connexion réussie 22:12:21 11:30:11 I am the best developer in the whole universe in php 
Connexion réussie 22:12:21 11:31:07 I am the best developer in the whole universe in php 
Connexion réussie 22:12:21 11:31:31 I am the best developer in the whole universe in php 
Connexion réussie 22:12:21 11:32:10 I am the best developer in the whole universe in php 
Connexion réussie 22:12:21 11:34:18 I am the best developer in the whole universe in php 
Connexion réussie 22:12:21 11:35:46 I am the best developer in the whole universe in php 
Connexion réussie 22:12:21 11:37:29 I am the best developer in the whole universe in php 
Connexion réussie 22:12:21 11:41:45 I am the best developer in the whole universe in php 
Connexion réussie 22:12:21 11:42:34 I am the best developer in the whole universe in php 
Connexion réussie 22:12:21 11:43:08 I am the best developer in the whole universe in php 
Connexion réussie 22:12:21 11:43:49 I am the best developer in the whole universe in php 
Connexion réussie 22:12:21 11:44:49 I am the best developer in the whole universe in php 
Connexion réussie 22:12:21 11:45:06 I am the best developer in the whole universe in php 
Connexion réussie 22:12:21 11:45:42 I am the best developer in the whole universe in php 
Connexion réussie 22:12:21 11:46:58 I am the best developer in the whole universe in php 
Connexion réussie 22:12:21 11:47:39 I am the best developer in the whole universe in php 
Connexion réussie 22:12:21 11:48:02 I am the best developer in the whole universe in php 
Connexion réussie 22:12:21 11:49:04 I am the best developer in the whole universe in php 
Connexion réussie 22:12:21 11:50:07 I am the best developer in the whole universe in php 
Connexion réussie 22:12:21 11:50:28 I am the best developer in the whole universe in php 
Connexion réussie 22:12:21 11:50:54 I am the best developer in the whole universe in php 
Connexion réussie 22:12:21 11:51:32 I am the best developer in the whole universe in php 
Connexion réussie 22:12:21 11:52:58 I am the best developer in the whole universe in php 
Connexion réussie 22:12:21 11:54:03 I am the best developer in the whole universe in php 
Connexion réussie 22:12:21 11:54:22 I am the best developer in the whole universe in php 
Connexion réussie 22:12:22 12:02:52 I am the best developer in the whole universe in php 
Connexion réussie 22:12:22 12:04:29 I am the best developer in the whole universe in php 
Connexion réussie 22:12:22 12:04:58 I am the best developer in the whole universe in php 
Connexion réussie 22:12:22 12:05:38 I am the best developer in the whole universe in php 
Connexion réussie 22:12:22 12:14:27 I am the best developer in the whole universe in php 
Connexion réussie 22:12:22 12:17:28 I am the best developer in the whole universe in php 
Connexion réussie 22:12:22 12:18:32 I am the best developer in the whole universe in php 
Connexion réussie 22:12:22 12:18:53 I am the best developer in the whole universe in php 
Connexion réussie 22:12:22 12:25:00 I am the best developer in the whole universe in php 
Connexion réussie 22:12:22 03:06:09 I am the best developer in the whole universe in php 
Connexion réussie 22:12:22 03:12:52 I am the best developer in the whole universe in php 
Connexion réussie 22:12:22 04:23:18 I am the best developer in the whole universe in php 
Connexion réussie 22:12:22 07:12:54 I am the best developer in the whole universe in php 
Connexion réussie 22:12:22 12:05:15 I am the best developer in the whole universe in php 
Connexion réussie 22:12:22 12:27:58 I am the best developer in the whole universe in php 
Connexion réussie 22:12:22 12:29:57 I am the best developer in the whole universe in php 